<?xml version="1.0" encoding="UTF-8"?>
<!-- Generated by org.testng.reporters.JUnitReportReporter -->
<testsuite hostname="LAPTOP-R7LI5H60" failures="0" tests="1" name="script.Test3" time="2.965" errors="0" timestamp="2023-06-23T08:03:17 IST" skipped="0">
  <testcase classname="script.Test3" name="test2" time="2.965">
    <system-out>
      <![CDATA[test3...]]>
    </system-out>
  </testcase> <!-- test2 -->
  <system-out>
    <![CDATA[test1...
test2...
test3...]]>
  </system-out>
</testsuite> <!-- script.Test3 -->
