<?xml version="1.0" encoding="UTF-8"?>
<!-- Generated by org.testng.reporters.JUnitReportReporter -->
<testsuite hostname="LAPTOP-R7LI5H60" failures="0" tests="1" name="script.ValidLogin" time="10.633" errors="0" timestamp="2023-06-26T09:09:34 IST" skipped="0">
  <testcase classname="script.ValidLogin" name="testValidLogin" time="10.633">
    <system-out>
      <![CDATA[Home Page is Displayed]]>
    </system-out>
  </testcase> <!-- testValidLogin -->
  <system-out>
    <![CDATA[Err Msg is Displayed
Home Page is Displayed]]>
  </system-out>
</testsuite> <!-- script.ValidLogin -->
