<?xml version="1.0" encoding="UTF-8"?>
<!-- Generated by org.testng.reporters.JUnitReportReporter -->
<testsuite hostname="LAPTOP-R7LI5H60" failures="0" tests="1" name="script.Test2" time="7.750" errors="0" timestamp="2023-06-23T08:03:32 IST" skipped="0">
  <testcase classname="script.Test2" name="test2" time="7.750">
    <system-out>
      <![CDATA[test2...]]>
    </system-out>
  </testcase> <!-- test2 -->
  <system-out>
    <![CDATA[test2...]]>
  </system-out>
</testsuite> <!-- script.Test2 -->
