<?xml version="1.0" encoding="UTF-8"?>
<!-- Generated by org.testng.reporters.JUnitReportReporter -->
<testsuite hostname="LAPTOP-R7LI5H60" failures="0" tests="1" name="script.InvalidLogin" time="12.660" errors="0" timestamp="2023-06-26T09:09:34 IST" skipped="0">
  <testcase classname="script.InvalidLogin" name="testInvalidLogin" time="12.660">
    <system-out>
      <![CDATA[Err Msg is Displayed]]>
    </system-out>
  </testcase> <!-- testInvalidLogin -->
  <system-out>
    <![CDATA[Err Msg is Displayed
Home Page is Displayed]]>
  </system-out>
</testsuite> <!-- script.InvalidLogin -->
